<?xml version="1.0" encoding="UTF-8"?>
<!-- Generated by org.testng.reporters.JUnitReportReporter -->
<testsuite skipped="0" hostname="MTP01288L" name="TestPackage.QTTTestCase" tests="2" failures="0" timestamp="08 Jul 2019 16:30:46 GMT" time="20.631" errors="0">
  <testcase name="basePageNavigation" time="8.208" classname="TestPackage.QTTTestCase"/>
  <testcase name="basePageNavigation" time="12.423" classname="TestPackage.QTTTestCase"/>
</testsuite> <!-- TestPackage.QTTTestCase -->
